  Window.cpp
h:\minecraft\window.cpp(52): warning C4244: '=': conversion from 'double' to 'float', possible loss of data
h:\minecraft\window.cpp(53): warning C4244: '=': conversion from 'double' to 'float', possible loss of data
h:\minecraft\window.cpp(58): warning C4244: '=': conversion from 'double' to 'float', possible loss of data
h:\minecraft\window.cpp(59): warning C4244: '=': conversion from 'double' to 'float', possible loss of data
  ShaderLoader.cpp
  Section.cpp
h:\minecraft\section.h(12): warning C4244: 'return': conversion from 'unsigned short' to 'uint8', possible loss of data
h:\minecraft\section.cpp(24): warning C4244: 'argument': conversion from 'std::size_t' to 'float', possible loss of data
h:\minecraft\section.cpp(25): warning C4244: 'argument': conversion from 'std::size_t' to 'float', possible loss of data
h:\minecraft\section.cpp(26): warning C4244: 'argument': conversion from 'std::size_t' to 'float', possible loss of data
  main.cpp
  Input.cpp
  CubeData.cpp
  Cube.cpp
  Core.cpp
h:\minecraft\section.h(12): warning C4244: 'return': conversion from 'unsigned short' to 'uint8', possible loss of data
h:\minecraft\core.cpp(151): warning C4267: 'argument': conversion from 'size_t' to 'GLsizei', possible loss of data
h:\minecraft\core.cpp(84): warning C4101: 'textureID': unreferenced local variable
  Camera.cpp
  Generating Code...
LINK : fatal error LNK1104: cannot open file 'Dependencies\glew\glew32.lib'
